<?xml version="1.0" encoding="UTF-8"?>
<!-- Generated by org.testng.reporters.JUnitXMLReporter -->
<testsuite hostname="SAI-PC" ignored="0" name="Test2" tests="3" failures="0" timestamp="2020-09-30T09:51:22 IST" time="78.253" errors="0">
  <testcase name="loginapplication" time="1.097" classname="com.loginpage.NewTest"/>
  <testcase name="login" time="6.603" classname="com.loginpage.NewTest"/>
  <testcase name="loginapp" time="3.821" classname="com.loginpage.Loginpage"/>
</testsuite> <!-- Test2 -->
