<?xml version="1.0" encoding="UTF-8"?>
<!-- Generated by org.testng.reporters.JUnitXMLReporter -->
<testsuite hostname="SAI-PC" ignored="1" name="Test" tests="2" failures="0" timestamp="2020-09-28T15:20:58 IST" time="33.715" errors="0">
  <testcase name="@BeforeMethod beforetest" time="0.001" classname="com.loginpage.BaseClass">
    <failure type="java.lang.NullPointerException">
      <![CDATA[java.lang.NullPointerException
at com.loginpage.BaseClass.beforetest(BaseClass.java:32)
at java.util.ArrayList.forEach(Unknown Source)
... Removed 31 stack frames]]>
    </failure>
  </testcase> <!-- @BeforeMethod beforetest -->
  <testcase name="@AfterMethod teardownmethod" time="-1.60128665802E9" classname="com.loginpage.BaseClass">
    <skipped/>
  </testcase> <!-- @AfterMethod teardownmethod -->
  <testcase name="loginapp" time="1.51" classname="com.loginpage.Loginpage"/>
  <testcase name="loginapplication" time="0.0" classname="com.loginpage.NewTest">
    <skipped/>
  </testcase> <!-- loginapplication -->
  <testcase name="@BeforeSuite setup" time="0.0" classname="com.loginpage.BaseClass">
    <ignored/>
  </testcase> <!-- @BeforeSuite setup -->
</testsuite> <!-- Test -->
