<?xml version="1.0" encoding="UTF-8"?>
<testng-results skipped="0" failed="0" ignored="0" total="3" passed="3">
  <reporter-output>
  </reporter-output>
  <suite name="Suite" duration-ms="78253" started-at="2020-09-30T09:50:03 IST" finished-at="2020-09-30T09:51:21 IST">
    <groups>
    </groups>
    <test name="Test2" duration-ms="78253" started-at="2020-09-30T09:50:03 IST" finished-at="2020-09-30T09:51:21 IST">
      <class name="com.loginpage.Loginpage">
        <test-method status="PASS" signature="setup()[pri:0, instance:com.loginpage.Loginpage@1563da5]" name="setup" is-config="true" duration-ms="66" started-at="2020-09-30T09:50:53 IST" finished-at="2020-09-30T09:50:53 IST">
          <reporter-output>
          </reporter-output>
        </test-method> <!-- setup -->
        <test-method status="PASS" signature="beforetest()[pri:0, instance:com.loginpage.Loginpage@1563da5]" name="beforetest" is-config="true" duration-ms="21485" started-at="2020-09-30T09:50:53 IST" finished-at="2020-09-30T09:51:14 IST">
          <reporter-output>
          </reporter-output>
        </test-method> <!-- beforetest -->
        <test-method status="PASS" signature="loginapp()[pri:0, instance:com.loginpage.Loginpage@1563da5]" name="loginapp" duration-ms="3821" started-at="2020-09-30T09:51:14 IST" finished-at="2020-09-30T09:51:18 IST">
          <reporter-output>
          </reporter-output>
        </test-method> <!-- loginapp -->
        <test-method status="PASS" signature="teardownmethod(org.testng.ITestResult)[pri:0, instance:com.loginpage.Loginpage@1563da5]" name="teardownmethod" is-config="true" duration-ms="3152" started-at="2020-09-30T09:51:18 IST" finished-at="2020-09-30T09:51:21 IST">
          <params>
            <param index="0">
              <value>
                <![CDATA[[TestResult name=loginapp status=SUCCESS method=Loginpage.loginapp()[pri:0, instance:com.loginpage.Loginpage@1563da5] output={null}]]]>
              </value>
            </param>
          </params>
          <reporter-output>
          </reporter-output>
        </test-method> <!-- teardownmethod -->
      </class> <!-- com.loginpage.Loginpage -->
      <class name="com.loginpage.NewTest">
        <test-method status="PASS" signature="setup()[pri:0, instance:com.loginpage.NewTest@a1a8d5]" name="setup" is-config="true" duration-ms="832" started-at="2020-09-30T09:50:03 IST" finished-at="2020-09-30T09:50:04 IST">
          <reporter-output>
          </reporter-output>
        </test-method> <!-- setup -->
        <test-method status="PASS" signature="beforetest()[pri:0, instance:com.loginpage.NewTest@a1a8d5]" name="beforetest" is-config="true" duration-ms="17910" started-at="2020-09-30T09:50:04 IST" finished-at="2020-09-30T09:50:22 IST">
          <reporter-output>
          </reporter-output>
        </test-method> <!-- beforetest -->
        <test-method status="PASS" signature="loginapplication()[pri:0, instance:com.loginpage.NewTest@a1a8d5]" name="loginapplication" duration-ms="1097" started-at="2020-09-30T09:50:22 IST" finished-at="2020-09-30T09:50:23 IST">
          <reporter-output>
          </reporter-output>
        </test-method> <!-- loginapplication -->
        <test-method status="PASS" signature="teardownmethod(org.testng.ITestResult)[pri:0, instance:com.loginpage.NewTest@a1a8d5]" name="teardownmethod" is-config="true" duration-ms="3576" started-at="2020-09-30T09:50:23 IST" finished-at="2020-09-30T09:50:26 IST">
          <params>
            <param index="0">
              <value>
                <![CDATA[[TestResult name=loginapplication status=SUCCESS method=NewTest.loginapplication()[pri:0, instance:com.loginpage.NewTest@a1a8d5] output={null}]]]>
              </value>
            </param>
          </params>
          <reporter-output>
          </reporter-output>
        </test-method> <!-- teardownmethod -->
        <test-method status="PASS" signature="beforetest()[pri:0, instance:com.loginpage.NewTest@a1a8d5]" name="beforetest" is-config="true" duration-ms="15816" started-at="2020-09-30T09:50:26 IST" finished-at="2020-09-30T09:50:42 IST">
          <reporter-output>
          </reporter-output>
        </test-method> <!-- beforetest -->
        <test-method status="PASS" signature="login()[pri:1, instance:com.loginpage.NewTest@a1a8d5]" name="login" duration-ms="6603" started-at="2020-09-30T09:50:42 IST" finished-at="2020-09-30T09:50:49 IST">
          <reporter-output>
          </reporter-output>
        </test-method> <!-- login -->
        <test-method status="PASS" signature="teardownmethod(org.testng.ITestResult)[pri:0, instance:com.loginpage.NewTest@a1a8d5]" name="teardownmethod" is-config="true" duration-ms="3838" started-at="2020-09-30T09:50:49 IST" finished-at="2020-09-30T09:50:53 IST">
          <params>
            <param index="0">
              <value>
                <![CDATA[[TestResult name=login status=SUCCESS method=NewTest.login()[pri:1, instance:com.loginpage.NewTest@a1a8d5] output={null}]]]>
              </value>
            </param>
          </params>
          <reporter-output>
          </reporter-output>
        </test-method> <!-- teardownmethod -->
      </class> <!-- com.loginpage.NewTest -->
    </test> <!-- Test2 -->
  </suite> <!-- Suite -->
</testng-results>
